
> my-project@0.1.0 start /app
> react-scripts start

(node:2205) [DEP_WEBPACK_DEV_SERVER_ON_AFTER_SETUP_MIDDLEWARE] DeprecationWarning: 'onAfterSetupMiddleware' option is deprecated. Please use the 'setupMiddlewares' option.
(Use `node --trace-deprecation ...` to show where the warning was created)
(node:2205) [DEP_WEBPACK_DEV_SERVER_ON_BEFORE_SETUP_MIDDLEWARE] DeprecationWarning: 'onBeforeSetupMiddleware' option is deprecated. Please use the 'setupMiddlewares' option.
Starting the development server...

Compiled with warnings.

[eslint]
src/App.js
  Line 32:7:  'BullWidth' is assigned a value but never used   no-unused-vars
  Line 33:7:  'BullHeight' is assigned a value but never used  no-unused-vars

src/Target/Target.jsx
  Line 34:21:  Unexpected mix of '||' and '&&'. Use parentheses to clarify the intended order of operations  no-mixed-operators
  Line 34:62:  Unexpected mix of '||' and '&&'. Use parentheses to clarify the intended order of operations  no-mixed-operators

Search for the keywords to learn more about each warning.
To ignore, add // eslint-disable-next-line to the line before.

WARNING in [eslint]
src/App.js
  Line 32:7:  'BullWidth' is assigned a value but never used   no-unused-vars
  Line 33:7:  'BullHeight' is assigned a value but never used  no-unused-vars

src/Target/Target.jsx
  Line 34:21:  Unexpected mix of '||' and '&&'. Use parentheses to clarify the intended order of operations  no-mixed-operators
  Line 34:62:  Unexpected mix of '||' and '&&'. Use parentheses to clarify the intended order of operations  no-mixed-operators

webpack compiled with 1 warning
Compiling...
Compiled with warnings.

[eslint]
src/App.js
  Line 32:7:  'BullWidth' is assigned a value but never used   no-unused-vars
  Line 33:7:  'BullHeight' is assigned a value but never used  no-unused-vars

src/Target/Target.jsx
  Line 34:21:  Unexpected mix of '||' and '&&'. Use parentheses to clarify the intended order of operations  no-mixed-operators
  Line 34:62:  Unexpected mix of '||' and '&&'. Use parentheses to clarify the intended order of operations  no-mixed-operators

Search for the keywords to learn more about each warning.
To ignore, add // eslint-disable-next-line to the line before.

WARNING in [eslint]
src/App.js
  Line 32:7:  'BullWidth' is assigned a value but never used   no-unused-vars
  Line 33:7:  'BullHeight' is assigned a value but never used  no-unused-vars

src/Target/Target.jsx
  Line 34:21:  Unexpected mix of '||' and '&&'. Use parentheses to clarify the intended order of operations  no-mixed-operators
  Line 34:62:  Unexpected mix of '||' and '&&'. Use parentheses to clarify the intended order of operations  no-mixed-operators

webpack compiled with 1 warning
